<?xml version="1.0" encoding="UTF-8"?>
<testng-results skipped="0" failed="0" ignored="0" total="2" passed="2">
  <reporter-output>
  </reporter-output>
  <suite name="Suite" duration-ms="50104" started-at="2019-02-10T00:32:36Z" finished-at="2019-02-10T00:33:26Z">
    <groups>
      <group name="cucumber">
        <method signature="AbstractTestNGCucumberTests.feature(cucumber.api.testng.CucumberFeatureWrapper)[pri:0, instance:com.runner.Oscommercerunner@34c4973]" name="feature" class="cucumber.api.testng.AbstractTestNGCucumberTests"/>
      </group> <!-- cucumber -->
    </groups>
    <test name="Test" duration-ms="50104" started-at="2019-02-10T00:32:36Z" finished-at="2019-02-10T00:33:26Z">
      <class name="com.runner.Oscommercerunner">
        <test-method status="PASS" signature="setUpClass()[pri:0, instance:com.runner.Oscommercerunner@34c4973]" name="setUpClass" is-config="true" duration-ms="334" started-at="2019-02-10T00:32:36Z" finished-at="2019-02-10T00:32:36Z">
          <reporter-output>
          </reporter-output>
        </test-method> <!-- setUpClass -->
        <test-method status="PASS" signature="feature(cucumber.api.testng.CucumberFeatureWrapper)[pri:0, instance:com.runner.Oscommercerunner@34c4973]" name="feature" duration-ms="15181" started-at="2019-02-10T00:32:36Z" description="Runs Cucumber Feature" data-provider="features" finished-at="2019-02-10T00:32:52Z">
          <params>
            <param index="0">
              <value>
                <![CDATA[oscommerce user login]]>
              </value>
            </param>
          </params>
          <reporter-output>
          </reporter-output>
        </test-method> <!-- feature -->
        <test-method status="PASS" signature="feature(cucumber.api.testng.CucumberFeatureWrapper)[pri:0, instance:com.runner.Oscommercerunner@34c4973]" name="feature" duration-ms="32970" started-at="2019-02-10T00:32:52Z" description="Runs Cucumber Feature" data-provider="features" finished-at="2019-02-10T00:33:25Z">
          <params>
            <param index="0">
              <value>
                <![CDATA[Mouse purchase]]>
              </value>
            </param>
          </params>
          <reporter-output>
          </reporter-output>
        </test-method> <!-- feature -->
        <test-method status="PASS" signature="teardown()[pri:0, instance:com.runner.Oscommercerunner@34c4973]" name="teardown" is-config="true" duration-ms="283" started-at="2019-02-10T00:33:25Z" finished-at="2019-02-10T00:33:25Z">
          <reporter-output>
          </reporter-output>
        </test-method> <!-- teardown -->
        <test-method status="PASS" signature="tearDownClass()[pri:0, instance:com.runner.Oscommercerunner@34c4973]" name="tearDownClass" is-config="true" duration-ms="1218" started-at="2019-02-10T00:33:25Z" finished-at="2019-02-10T00:33:26Z">
          <reporter-output>
          </reporter-output>
        </test-method> <!-- tearDownClass -->
      </class> <!-- com.runner.Oscommercerunner -->
    </test> <!-- Test -->
  </suite> <!-- Suite -->
</testng-results>
